2021-05-04T10:47:49+00:00 NOTICE action_scheduler.queue_job :: MailChimp_WooCommerce_User_Submit queued :: obj_id 1
2021-05-04T10:47:49+00:00 NOTICE action_scheduler.queue_job :: MailChimp_WooCommerce_Single_Order starts in 90 seconds :: obj_id 4502
2021-05-04T10:47:50+00:00 NOTICE debug :: Order ID 4502 was pending and is now processing :: Array
(
    [new_order] => 1
    [tracking] => Array
        (
            [campaign_id] => 
            [landing_site] => http://frazshabbir.lucentsoftwares.com/?wc-ajax=get_refreshed_fragments
        )

)

2021-05-04T10:49:01+00:00 NOTICE member.sync :: Updated Member jmcuog@gmail.com ( merge fields only ) :: Array
(
    [merge_fields] => Array
        (
            [FNAME] => fraz
            [LNAME] => shabbir
        )

)

2021-05-04T10:49:52+00:00 NOTICE action_scheduler.queue_job :: MailChimp_WooCommerce_User_Submit queued :: obj_id 1
2021-05-04T10:49:52+00:00 NOTICE action_scheduler.queue_job :: MailChimp_WooCommerce_Single_Order starts in 90 seconds :: obj_id 4503
2021-05-04T10:49:53+00:00 NOTICE debug :: Order ID 4503 was pending and is now failed :: Array
(
    [new_order] => 
    [tracking] => 
)

2021-05-04T10:50:05+00:00 NOTICE order.member.updated :: Updated Wahabyounas1234@gmail.com subscriber status to transactional and language to en
2021-05-04T10:50:05+00:00 NOTICE order_submit.success :: addStoreOrder :: #4502 :: email: Wahabyounas1234@gmail.com :: landing site http://frazshabbir.lucentsoftwares.com/?wc-ajax=get_refreshed_fragments
2021-05-04T10:50:06+00:00 NOTICE member.sync :: Updated Member jmcuog@gmail.com ( merge fields only ) :: Array
(
    [merge_fields] => Array
        (
            [FNAME] => fraz
            [LNAME] => shabbir
        )

)

2021-05-04T10:50:26+00:00 NOTICE action_scheduler.queue_job :: MailChimp_WooCommerce_User_Submit queued :: obj_id 1
2021-05-04T10:53:54+00:00 NOTICE system.debug :: order 4503 is in failed status, and is being skipped for now.
2021-05-04T10:53:55+00:00 NOTICE member.sync :: Updated Member jmcuog@gmail.com ( merge fields only ) :: Array
(
    [merge_fields] => Array
        (
            [FNAME] => fraz
            [LNAME] => shabbir
        )

)

